CrmSvcUtil Error: 2 : Exiting program with exit code 2 due to exception : System.IO.FileNotFoundException: Could not load file or assembly 'Microsoft.Xrm.Sdk.Deployment, Version=8.0.0.0, Culture=neutral, PublicKeyToken=31bf3856ad364e35' or one of its dependencies. The system cannot find the file specified.
File name: 'Microsoft.Xrm.Sdk.Deployment, Version=8.0.0.0, Culture=neutral, PublicKeyToken=31bf3856ad364e35'
   at Microsoft.Xrm.Tooling.Connector.CrmLogEntry.GetExceptionDetail(Object objException, StringBuilder sw, Int32 level, StringBuilder lastErrorMsg)
   at Microsoft.Xrm.Tooling.Connector.CrmLogEntry.Log(String message, TraceEventType eventType, Exception exception)
   at Microsoft.Xrm.Tooling.Connector.CrmWebSvc.InitCRM2011Service()
   at Microsoft.Xrm.Tooling.Connector.CrmWebSvc.GetCachedCRMService(CrmWebSvc& ConnectionObject)
   at Microsoft.Xrm.Tooling.Connector.CrmWebSvc.IntilizeService(CrmWebSvc& ConnectionObject)
   at Microsoft.Xrm.Tooling.Connector.CrmServiceClient.CreateCRMWebServiceConnection(OrganizationServiceProxy externalOrgServiceProxy, AuthenticationType requestedAuthType, String hostName, String port, String orgName, NetworkCredential credential, String userId, SecureString password, String domain, String CrmOnlineRegion, String claimsHomeRealm, Boolean useSsl, Boolean useUniqueInstance, OrganizationDetail orgDetail, UserIdentifier user, String clientId, Uri redirectUri, PromptBehavior promptBehavior, String tokenCachePath, OrganizationWebProxyClient externalOrgWebProxyClient)
   at Microsoft.Xrm.Tooling.Connector.CrmServiceClient.ConnectToCrmWebService(String crmConnectionString)
   at Microsoft.Crm.Services.Utility.SdkMetadataProviderService.CreateOrganizationServiceEndpoint()
   at Microsoft.Crm.Services.Utility.SdkMetadataProviderService.LoadMetadata(IServiceProvider service)
   at Microsoft.Crm.Services.Utility.CrmSvcUtil.Run()
   at Microsoft.Crm.Services.Utility.CrmSvcUtil.Main(String[] args)

WRN: Assembly binding logging is turned OFF.
To enable assembly bind failure logging, set the registry value [HKLM\Software\Microsoft\Fusion!EnableLog] (DWORD) to 1.
Note: There is some performance penalty associated with assembly bind failure logging.
To turn this feature off, remove the registry value [HKLM\Software\Microsoft\Fusion!EnableLog].

CrmSvcUtil Error: 2 : ===== DETAIL ======
CrmSvcUtil Error: 2 : Source	: Microsoft.Xrm.Tooling.Connector
Method	: GetExceptionDetail
Date	: 2:19:51 PM
Time	: 1/31/2018
Error	: Could not load file or assembly 'Microsoft.Xrm.Sdk.Deployment, Version=8.0.0.0, Culture=neutral, PublicKeyToken=31bf3856ad364e35' or one of its dependencies. The system cannot find the file specified.
Stack Trace	: at Microsoft.Xrm.Tooling.Connector.CrmLogEntry.GetExceptionDetail(Object objException, StringBuilder sw, Int32 level, StringBuilder lastErrorMsg)
   at Microsoft.Xrm.Tooling.Connector.CrmLogEntry.Log(String message, TraceEventType eventType, Exception exception)
   at Microsoft.Xrm.Tooling.Connector.CrmWebSvc.InitCRM2011Service()
   at Microsoft.Xrm.Tooling.Connector.CrmWebSvc.GetCachedCRMService(CrmWebSvc& ConnectionObject)
   at Microsoft.Xrm.Tooling.Connector.CrmWebSvc.IntilizeService(CrmWebSvc& ConnectionObject)
   at Microsoft.Xrm.Tooling.Connector.CrmServiceClient.CreateCRMWebServiceConnection(OrganizationServiceProxy externalOrgServiceProxy, AuthenticationType requestedAuthType, String hostName, String port, String orgName, NetworkCredential credential, String userId, SecureString password, String domain, String CrmOnlineRegion, String claimsHomeRealm, Boolean useSsl, Boolean useUniqueInstance, OrganizationDetail orgDetail, UserIdentifier user, String clientId, Uri redirectUri, PromptBehavior promptBehavior, String tokenCachePath, OrganizationWebProxyClient externalOrgWebProxyClient)
   at Microsoft.Xrm.Tooling.Connector.CrmServiceClient.ConnectToCrmWebService(String crmConnectionString)
   at Microsoft.Crm.Services.Utility.SdkMetadataProviderService.CreateOrganizationServiceEndpoint()
   at Microsoft.Crm.Services.Utility.SdkMetadataProviderService.LoadMetadata(IServiceProvider service)
   at Microsoft.Crm.Services.Utility.CrmSvcUtil.Run()
   at Microsoft.Crm.Services.Utility.CrmSvcUtil.Main(String[] args)
======================================================================================================================

CrmSvcUtil Error: 2 : Exiting Microsoft.Crm.Services.Utility.ICommandLineArgumentSource.OnInvalidArgument: Found string help in arguments array that could not be parsed.
CrmSvcUtil Error: 2 : Exiting program with exit code 2 due to exception : System.ServiceModel.Dispatcher.NetDispatcherFaultException: The formatter threw an exception while trying to deserialize the message: There was an error while trying to deserialize parameter http://schemas.microsoft.com/xrm/2011/Contracts/Services:ExecuteResult. The InnerException message was 'Error in line 1299 position 1358303. Element 'http://schemas.microsoft.com/xrm/2011/Metadata:AttributeMetadata' contains data from a type that maps to the name 'http://schemas.microsoft.com/xrm/9.0/Metadata:FileAttributeMetadata'. The deserializer has no knowledge of any type that maps to this name. Consider changing the implementation of the ResolveName method on your DataContractResolver to return a non-null value for name 'FileAttributeMetadata' and namespace 'http://schemas.microsoft.com/xrm/9.0/Metadata'.'.  Please see InnerException for more details. ---> System.Runtime.Serialization.SerializationException: Error in line 1299 position 1358303. Element 'http://schemas.microsoft.com/xrm/2011/Metadata:AttributeMetadata' contains data from a type that maps to the name 'http://schemas.microsoft.com/xrm/9.0/Metadata:FileAttributeMetadata'. The deserializer has no knowledge of any type that maps to this name. Consider changing the implementation of the ResolveName method on your DataContractResolver to return a non-null value for name 'FileAttributeMetadata' and namespace 'http://schemas.microsoft.com/xrm/9.0/Metadata'.
   at System.Runtime.Serialization.XmlObjectSerializerReadContext.InternalDeserialize(XmlReaderDelegator reader, String name, String ns, Type declaredType, DataContract& dataContract)
   at System.Runtime.Serialization.XmlObjectSerializerReadContextComplex.InternalDeserializeWithSurrogate(XmlReaderDelegator xmlReader, Type declaredType, DataContract surrogateDataContract, String name, String ns)
   at System.Runtime.Serialization.XmlObjectSerializerReadContextComplex.InternalDeserialize(XmlReaderDelegator xmlReader, Int32 declaredTypeID, RuntimeTypeHandle declaredTypeHandle, String name, String ns)
   at ReadArrayOfAttributeMetadataFromXml(XmlReaderDelegator , XmlObjectSerializerReadContext , XmlDictionaryString , XmlDictionaryString , CollectionDataContract )
   at System.Runtime.Serialization.CollectionDataContract.ReadXmlValue(XmlReaderDelegator xmlReader, XmlObjectSerializerReadContext context)
   at System.Runtime.Serialization.XmlObjectSerializerReadContext.InternalDeserialize(XmlReaderDelegator reader, String name, String ns, Type declaredType, DataContract& dataContract)
   at System.Runtime.Serialization.XmlObjectSerializerReadContextComplex.InternalDeserializeWithSurrogate(XmlReaderDelegator xmlReader, Type declaredType, DataContract surrogateDataContract, String name, String ns)
   at System.Runtime.Serialization.XmlObjectSerializerReadContextComplex.InternalDeserialize(XmlReaderDelegator xmlReader, Int32 declaredTypeID, RuntimeTypeHandle declaredTypeHandle, String name, String ns)
   at ReadEntityMetadataFromXml(XmlReaderDelegator , XmlObjectSerializerReadContext , XmlDictionaryString[] , XmlDictionaryString[] )
   at System.Runtime.Serialization.ClassDataContract.ReadXmlValue(XmlReaderDelegator xmlReader, XmlObjectSerializerReadContext context)
   at System.Runtime.Serialization.XmlObjectSerializerReadContext.InternalDeserialize(XmlReaderDelegator reader, String name, String ns, Type declaredType, DataContract& dataContract)
   at System.Runtime.Serialization.XmlObjectSerializerReadContextComplex.InternalDeserializeWithSurrogate(XmlReaderDelegator xmlReader, Type declaredType, DataContract surrogateDataContract, String name, String ns)
   at System.Runtime.Serialization.XmlObjectSerializerReadContextComplex.InternalDeserialize(XmlReaderDelegator xmlReader, Int32 declaredTypeID, RuntimeTypeHandle declaredTypeHandle, String name, String ns)
   at ReadArrayOfEntityMetadataFromXml(XmlReaderDelegator , XmlObjectSerializerReadContext , XmlDictionaryString , XmlDictionaryString , CollectionDataContract )
   at System.Runtime.Serialization.CollectionDataContract.ReadXmlValue(XmlReaderDelegator xmlReader, XmlObjectSerializerReadContext context)
   at System.Runtime.Serialization.XmlObjectSerializerReadContext.InternalDeserialize(XmlReaderDelegator reader, String name, String ns, Type declaredType, DataContract& dataContract)
   at System.Runtime.Serialization.XmlObjectSerializerReadContextComplex.InternalDeserializeWithSurrogate(XmlReaderDelegator xmlReader, Type declaredType, DataContract surrogateDataContract, String name, String ns)
   at System.Runtime.Serialization.XmlObjectSerializerReadContextComplex.InternalDeserialize(XmlReaderDelegator xmlReader, Int32 declaredTypeID, RuntimeTypeHandle declaredTypeHandle, String name, String ns)
   at ReadKeyValuePairOfstringanyTypeFromXml(XmlReaderDelegator , XmlObjectSerializerReadContext , XmlDictionaryString[] , XmlDictionaryString[] )
   at System.Runtime.Serialization.ClassDataContract.ReadXmlValue(XmlReaderDelegator xmlReader, XmlObjectSerializerReadContext context)
   at System.Runtime.Serialization.XmlObjectSerializerReadContext.InternalDeserialize(XmlReaderDelegator reader, String name, String ns, Type declaredType, DataContract& dataContract)
   at System.Runtime.Serialization.XmlObjectSerializerReadContextComplex.InternalDeserializeWithSurrogate(XmlReaderDelegator xmlReader, Type declaredType, DataContract surrogateDataContract, String name, String ns)
   at System.Runtime.Serialization.XmlObjectSerializerReadContextComplex.InternalDeserialize(XmlReaderDelegator xmlReader, Int32 declaredTypeID, RuntimeTypeHandle declaredTypeHandle, String name, String ns)
   at ReadParameterCollectionFromXml(XmlReaderDelegator , XmlObjectSerializerReadContext , XmlDictionaryString , XmlDictionaryString , CollectionDataContract )
   at System.Runtime.Serialization.CollectionDataContract.ReadXmlValue(XmlReaderDelegator xmlReader, XmlObjectSerializerReadContext context)
   at System.Runtime.Serialization.XmlObjectSerializerReadContext.InternalDeserialize(XmlReaderDelegator reader, String name, String ns, Type declaredType, DataContract& dataContract)
   at System.Runtime.Serialization.XmlObjectSerializerReadContextComplex.InternalDeserializeWithSurrogate(XmlReaderDelegator xmlReader, Type declaredType, DataContract surrogateDataContract, String name, String ns)
   at System.Runtime.Serialization.XmlObjectSerializerReadContextComplex.InternalDeserialize(XmlReaderDelegator xmlReader, Int32 declaredTypeID, RuntimeTypeHandle declaredTypeHandle, String name, String ns)
   at ReadOrganizationResponseFromXml(XmlReaderDelegator , XmlObjectSerializerReadContext , XmlDictionaryString[] , XmlDictionaryString[] )
   at System.Runtime.Serialization.ClassDataContract.ReadXmlValue(XmlReaderDelegator xmlReader, XmlObjectSerializerReadContext context)
   at System.Runtime.Serialization.XmlObjectSerializerReadContext.InternalDeserialize(XmlReaderDelegator reader, String name, String ns, Type declaredType, DataContract& dataContract)
   at System.Runtime.Serialization.XmlObjectSerializerReadContextComplex.InternalDeserializeWithSurrogate(XmlReaderDelegator xmlReader, Type declaredType, DataContract surrogateDataContract, String name, String ns)
   at System.Runtime.Serialization.XmlObjectSerializerReadContextComplex.InternalDeserialize(XmlReaderDelegator xmlReader, Type declaredType, DataContract dataContract, String name, String ns)
   at System.Runtime.Serialization.DataContractSerializer.InternalReadObject(XmlReaderDelegator xmlReader, Boolean verifyObjectName, DataContractResolver dataContractResolver)
   at System.Runtime.Serialization.XmlObjectSerializer.ReadObjectHandleExceptions(XmlReaderDelegator reader, Boolean verifyObjectName, DataContractResolver dataContractResolver)
   at System.Runtime.Serialization.DataContractSerializer.ReadObject(XmlDictionaryReader reader, Boolean verifyObjectName)
   at System.ServiceModel.Dispatcher.DataContractSerializerOperationFormatter.PartInfo.ReadObject(XmlDictionaryReader reader, XmlObjectSerializer serializer)
   at System.ServiceModel.Dispatcher.DataContractSerializerOperationFormatter.DeserializeParameterPart(XmlDictionaryReader reader, PartInfo part, Boolean isRequest)
   --- End of inner exception stack trace ---

Server stack trace: 
   at System.ServiceModel.Dispatcher.DataContractSerializerOperationFormatter.DeserializeParameterPart(XmlDictionaryReader reader, PartInfo part, Boolean isRequest)
   at System.ServiceModel.Dispatcher.DataContractSerializerOperationFormatter.DeserializeBody(XmlDictionaryReader reader, MessageVersion version, String action, MessageDescription messageDescription, Object[] parameters, Boolean isRequest)
   at System.ServiceModel.Dispatcher.OperationFormatter.DeserializeBodyContents(Message message, Object[] parameters, Boolean isRequest)
   at System.ServiceModel.Dispatcher.OperationFormatter.DeserializeReply(Message message, Object[] parameters)
   at System.ServiceModel.Dispatcher.ProxyOperationRuntime.AfterReply(ProxyRpc& rpc)
   at System.ServiceModel.Channels.ServiceChannel.HandleReply(ProxyOperationRuntime operation, ProxyRpc& rpc)
   at System.ServiceModel.Channels.ServiceChannel.Call(String action, Boolean oneway, ProxyOperationRuntime operation, Object[] ins, Object[] outs, TimeSpan timeout)
   at System.ServiceModel.Channels.ServiceChannelProxy.InvokeService(IMethodCallMessage methodCall, ProxyOperationRuntime operation)
   at System.ServiceModel.Channels.ServiceChannelProxy.Invoke(IMessage message)

Exception rethrown at [0]: 
   at System.Runtime.Remoting.Proxies.RealProxy.HandleReturnMessage(IMessage reqMsg, IMessage retMsg)
   at System.Runtime.Remoting.Proxies.RealProxy.PrivateInvoke(MessageData& msgData, Int32 type)
   at Microsoft.Xrm.Sdk.IOrganizationService.Execute(OrganizationRequest request)
   at Microsoft.Xrm.Sdk.Client.OrganizationServiceProxy.ExecuteCore(OrganizationRequest request)
   at Microsoft.Crm.Services.Utility.MetadataProviderQueryService.RetrieveEntities(IOrganizationService service)
   at Microsoft.Crm.Services.Utility.SdkMetadataProviderService.LoadMetadata(IServiceProvider service)
   at Microsoft.Crm.Services.Utility.CrmSvcUtil.Run()
   at Microsoft.Crm.Services.Utility.CrmSvcUtil.Main(String[] args)
CrmSvcUtil Error: 2 : ===== DETAIL ======
CrmSvcUtil Error: 2 : Source	: mscorlib
Method	: HandleReturnMessage
Date	: 4:24:30 PM
Time	: 7/10/2019
Error	: The formatter threw an exception while trying to deserialize the message: There was an error while trying to deserialize parameter http://schemas.microsoft.com/xrm/2011/Contracts/Services:ExecuteResult. The InnerException message was 'Error in line 1299 position 1358303. Element 'http://schemas.microsoft.com/xrm/2011/Metadata:AttributeMetadata' contains data from a type that maps to the name 'http://schemas.microsoft.com/xrm/9.0/Metadata:FileAttributeMetadata'. The deserializer has no knowledge of any type that maps to this name. Consider changing the implementation of the ResolveName method on your DataContractResolver to return a non-null value for name 'FileAttributeMetadata' and namespace 'http://schemas.microsoft.com/xrm/9.0/Metadata'.'.  Please see InnerException for more details.
Stack Trace	: Server stack trace: 
   at System.ServiceModel.Dispatcher.DataContractSerializerOperationFormatter.DeserializeParameterPart(XmlDictionaryReader reader, PartInfo part, Boolean isRequest)
   at System.ServiceModel.Dispatcher.DataContractSerializerOperationFormatter.DeserializeBody(XmlDictionaryReader reader, MessageVersion version, String action, MessageDescription messageDescription, Object[] parameters, Boolean isRequest)
   at System.ServiceModel.Dispatcher.OperationFormatter.DeserializeBodyContents(Message message, Object[] parameters, Boolean isRequest)
   at System.ServiceModel.Dispatcher.OperationFormatter.DeserializeReply(Message message, Object[] parameters)
   at System.ServiceModel.Dispatcher.ProxyOperationRuntime.AfterReply(ProxyRpc& rpc)
   at System.ServiceModel.Channels.ServiceChannel.HandleReply(ProxyOperationRuntime operation, ProxyRpc& rpc)
   at System.ServiceModel.Channels.ServiceChannel.Call(String action, Boolean oneway, ProxyOperationRuntime operation, Object[] ins, Object[] outs, TimeSpan timeout)
   at System.ServiceModel.Channels.ServiceChannelProxy.InvokeService(IMethodCallMessage methodCall, ProxyOperationRuntime operation)
   at System.ServiceModel.Channels.ServiceChannelProxy.Invoke(IMessage message)

Exception rethrown at [0]: 
   at System.Runtime.Remoting.Proxies.RealProxy.HandleReturnMessage(IMessage reqMsg, IMessage retMsg)
   at System.Runtime.Remoting.Proxies.RealProxy.PrivateInvoke(MessageData& msgData, Int32 type)
   at Microsoft.Xrm.Sdk.IOrganizationService.Execute(OrganizationRequest request)
   at Microsoft.Xrm.Sdk.Client.OrganizationServiceProxy.ExecuteCore(OrganizationRequest request)
   at Microsoft.Crm.Services.Utility.MetadataProviderQueryService.RetrieveEntities(IOrganizationService service)
   at Microsoft.Crm.Services.Utility.SdkMetadataProviderService.LoadMetadata(IServiceProvider service)
   at Microsoft.Crm.Services.Utility.CrmSvcUtil.Run()
   at Microsoft.Crm.Services.Utility.CrmSvcUtil.Main(String[] args)
======================================================================================================================
Inner Exception Level 1	: 
Source	: System.Runtime.Serialization
Method	: InternalDeserialize
Date	: 4:24:30 PM
Time	: 7/10/2019
Error	: Error in line 1299 position 1358303. Element 'http://schemas.microsoft.com/xrm/2011/Metadata:AttributeMetadata' contains data from a type that maps to the name 'http://schemas.microsoft.com/xrm/9.0/Metadata:FileAttributeMetadata'. The deserializer has no knowledge of any type that maps to this name. Consider changing the implementation of the ResolveName method on your DataContractResolver to return a non-null value for name 'FileAttributeMetadata' and namespace 'http://schemas.microsoft.com/xrm/9.0/Metadata'.
Stack Trace	: at System.Runtime.Serialization.XmlObjectSerializerReadContext.InternalDeserialize(XmlReaderDelegator reader, String name, String ns, Type declaredType, DataContract& dataContract)
   at System.Runtime.Serialization.XmlObjectSerializerReadContextComplex.InternalDeserializeWithSurrogate(XmlReaderDelegator xmlReader, Type declaredType, DataContract surrogateDataContract, String name, String ns)
   at System.Runtime.Serialization.XmlObjectSerializerReadContextComplex.InternalDeserialize(XmlReaderDelegator xmlReader, Int32 declaredTypeID, RuntimeTypeHandle declaredTypeHandle, String name, String ns)
   at ReadArrayOfAttributeMetadataFromXml(XmlReaderDelegator , XmlObjectSerializerReadContext , XmlDictionaryString , XmlDictionaryString , CollectionDataContract )
   at System.Runtime.Serialization.CollectionDataContract.ReadXmlValue(XmlReaderDelegator xmlReader, XmlObjectSerializerReadContext context)
   at System.Runtime.Serialization.XmlObjectSerializerReadContext.InternalDeserialize(XmlReaderDelegator reader, String name, String ns, Type declaredType, DataContract& dataContract)
   at System.Runtime.Serialization.XmlObjectSerializerReadContextComplex.InternalDeserializeWithSurrogate(XmlReaderDelegator xmlReader, Type declaredType, DataContract surrogateDataContract, String name, String ns)
   at System.Runtime.Serialization.XmlObjectSerializerReadContextComplex.InternalDeserialize(XmlReaderDelegator xmlReader, Int32 declaredTypeID, RuntimeTypeHandle declaredTypeHandle, String name, String ns)
   at ReadEntityMetadataFromXml(XmlReaderDelegator , XmlObjectSerializerReadContext , XmlDictionaryString[] , XmlDictionaryString[] )
   at System.Runtime.Serialization.ClassDataContract.ReadXmlValue(XmlReaderDelegator xmlReader, XmlObjectSerializerReadContext context)
   at System.Runtime.Serialization.XmlObjectSerializerReadContext.InternalDeserialize(XmlReaderDelegator reader, String name, String ns, Type declaredType, DataContract& dataContract)
   at System.Runtime.Serialization.XmlObjectSerializerReadContextComplex.InternalDeserializeWithSurrogate(XmlReaderDelegator xmlReader, Type declaredType, DataContract surrogateDataContract, String name, String ns)
   at System.Runtime.Serialization.XmlObjectSerializerReadContextComplex.InternalDeserialize(XmlReaderDelegator xmlReader, Int32 declaredTypeID, RuntimeTypeHandle declaredTypeHandle, String name, String ns)
   at ReadArrayOfEntityMetadataFromXml(XmlReaderDelegator , XmlObjectSerializerReadContext , XmlDictionaryString , XmlDictionaryString , CollectionDataContract )
   at System.Runtime.Serialization.CollectionDataContract.ReadXmlValue(XmlReaderDelegator xmlReader, XmlObjectSerializerReadContext context)
   at System.Runtime.Serialization.XmlObjectSerializerReadContext.InternalDeserialize(XmlReaderDelegator reader, String name, String ns, Type declaredType, DataContract& dataContract)
   at System.Runtime.Serialization.XmlObjectSerializerReadContextComplex.InternalDeserializeWithSurrogate(XmlReaderDelegator xmlReader, Type declaredType, DataContract surrogateDataContract, String name, String ns)
   at System.Runtime.Serialization.XmlObjectSerializerReadContextComplex.InternalDeserialize(XmlReaderDelegator xmlReader, Int32 declaredTypeID, RuntimeTypeHandle declaredTypeHandle, String name, String ns)
   at ReadKeyValuePairOfstringanyTypeFromXml(XmlReaderDelegator , XmlObjectSerializerReadContext , XmlDictionaryString[] , XmlDictionaryString[] )
   at System.Runtime.Serialization.ClassDataContract.ReadXmlValue(XmlReaderDelegator xmlReader, XmlObjectSerializerReadContext context)
   at System.Runtime.Serialization.XmlObjectSerializerReadContext.InternalDeserialize(XmlReaderDelegator reader, String name, String ns, Type declaredType, DataContract& dataContract)
   at System.Runtime.Serialization.XmlObjectSerializerReadContextComplex.InternalDeserializeWithSurrogate(XmlReaderDelegator xmlReader, Type declaredType, DataContract surrogateDataContract, String name, String ns)
   at System.Runtime.Serialization.XmlObjectSerializerReadContextComplex.InternalDeserialize(XmlReaderDelegator xmlReader, Int32 declaredTypeID, RuntimeTypeHandle declaredTypeHandle, String name, String ns)
   at ReadParameterCollectionFromXml(XmlReaderDelegator , XmlObjectSerializerReadContext , XmlDictionaryString , XmlDictionaryString , CollectionDataContract )
   at System.Runtime.Serialization.CollectionDataContract.ReadXmlValue(XmlReaderDelegator xmlReader, XmlObjectSerializerReadContext context)
   at System.Runtime.Serialization.XmlObjectSerializerReadContext.InternalDeserialize(XmlReaderDelegator reader, String name, String ns, Type declaredType, DataContract& dataContract)
   at System.Runtime.Serialization.XmlObjectSerializerReadContextComplex.InternalDeserializeWithSurrogate(XmlReaderDelegator xmlReader, Type declaredType, DataContract surrogateDataContract, String name, String ns)
   at System.Runtime.Serialization.XmlObjectSerializerReadContextComplex.InternalDeserialize(XmlReaderDelegator xmlReader, Int32 declaredTypeID, RuntimeTypeHandle declaredTypeHandle, String name, String ns)
   at ReadOrganizationResponseFromXml(XmlReaderDelegator , XmlObjectSerializerReadContext , XmlDictionaryString[] , XmlDictionaryString[] )
   at System.Runtime.Serialization.ClassDataContract.ReadXmlValue(XmlReaderDelegator xmlReader, XmlObjectSerializerReadContext context)
   at System.Runtime.Serialization.XmlObjectSerializerReadContext.InternalDeserialize(XmlReaderDelegator reader, String name, String ns, Type declaredType, DataContract& dataContract)
   at System.Runtime.Serialization.XmlObjectSerializerReadContextComplex.InternalDeserializeWithSurrogate(XmlReaderDelegator xmlReader, Type declaredType, DataContract surrogateDataContract, String name, String ns)
   at System.Runtime.Serialization.XmlObjectSerializerReadContextComplex.InternalDeserialize(XmlReaderDelegator xmlReader, Type declaredType, DataContract dataContract, String name, String ns)
   at System.Runtime.Serialization.DataContractSerializer.InternalReadObject(XmlReaderDelegator xmlReader, Boolean verifyObjectName, DataContractResolver dataContractResolver)
   at System.Runtime.Serialization.XmlObjectSerializer.ReadObjectHandleExceptions(XmlReaderDelegator reader, Boolean verifyObjectName, DataContractResolver dataContractResolver)
   at System.Runtime.Serialization.DataContractSerializer.ReadObject(XmlDictionaryReader reader, Boolean verifyObjectName)
   at System.ServiceModel.Dispatcher.DataContractSerializerOperationFormatter.PartInfo.ReadObject(XmlDictionaryReader reader, XmlObjectSerializer serializer)
   at System.ServiceModel.Dispatcher.DataContractSerializerOperationFormatter.DeserializeParameterPart(XmlDictionaryReader reader, PartInfo part, Boolean isRequest)
======================================================================================================================

